0 info it worked if it ends with ok
1 verbose cli [ 'C:\\Program Files (x86)\\nodejs\\\\node.exe',
1 verbose cli   'C:\\Program Files (x86)\\nodejs\\node_modules\\npm\\bin\\npm-cli.js',
1 verbose cli   'install',
1 verbose cli   '--save',
1 verbose cli   'jquery' ]
2 info using npm@2.7.4
3 info using node@v0.12.2
4 verbose node symlink C:\Program Files (x86)\nodejs\\node.exe
5 warn package.json product-management@1.0.0 No README data
6 silly cache add args [ 'jquery', null ]
7 verbose cache add spec jquery
8 silly cache add parsed spec { raw: 'jquery',
8 silly cache add   scope: null,
8 silly cache add   name: 'jquery',
8 silly cache add   rawSpec: '',
8 silly cache add   spec: '*',
8 silly cache add   type: 'range' }
9 verbose addNamed jquery@*
10 silly addNamed semver.valid null
11 silly addNamed semver.validRange *
12 silly addNameRange { name: 'jquery', range: '*', hasData: false }
13 silly mapToRegistry name jquery
14 silly mapToRegistry using default registry
15 silly mapToRegistry registry https://registry.npmjs.org/
16 silly mapToRegistry uri https://registry.npmjs.org/jquery
17 verbose addNameRange registry:https://registry.npmjs.org/jquery not in flight; fetching
18 verbose request uri https://registry.npmjs.org/jquery
19 verbose request no auth needed
20 info attempt registry request try #1 at 3:24:48 PM
21 verbose request id b1c5ea9df5b99bd7
22 verbose etag W/"58b08b40-148f2"
23 verbose lastModified Fri, 24 Feb 2017 19:36:32 GMT
24 http request GET https://registry.npmjs.org/jquery
25 info retry will retry, error on last attempt: Error: tunneling socket could not be established, cause=getaddrinfo ENOTFOUND shra
26 info attempt registry request try #2 at 3:24:59 PM
27 verbose etag W/"58b08b40-148f2"
28 verbose lastModified Fri, 24 Feb 2017 19:36:32 GMT
29 http request GET https://registry.npmjs.org/jquery
30 info retry will retry, error on last attempt: Error: tunneling socket could not be established, cause=getaddrinfo ENOTFOUND shra
31 info attempt registry request try #3 at 3:25:59 PM
32 verbose etag W/"58b08b40-148f2"
33 verbose lastModified Fri, 24 Feb 2017 19:36:32 GMT
34 http request GET https://registry.npmjs.org/jquery
35 silly get cb [ 304, undefined ]
36 verbose etag https://registry.npmjs.org/jquery from cache
37 verbose get saving jquery to D:\nodejs\npm-cache\registry.npmjs.org\jquery\.cache.json
38 silly addNameRange number 2 { name: 'jquery', range: '*', hasData: true }
39 silly addNameRange versions [ 'jquery',
39 silly addNameRange   [ '1.5.1',
39 silly addNameRange     '1.6.2',
39 silly addNameRange     '1.6.3',
39 silly addNameRange     '1.7.2',
39 silly addNameRange     '1.7.3',
39 silly addNameRange     '1.8.2',
39 silly addNameRange     '1.8.3',
39 silly addNameRange     '2.1.0-beta2',
39 silly addNameRange     '2.1.0-beta3',
39 silly addNameRange     '1.11.0-beta3',
39 silly addNameRange     '1.11.0-rc1',
39 silly addNameRange     '2.1.0-rc1',
39 silly addNameRange     '1.11.0',
39 silly addNameRange     '2.1.0',
39 silly addNameRange     '2.1.1-beta1',
39 silly addNameRange     '1.11.1-beta1',
39 silly addNameRange     '2.1.1-rc1',
39 silly addNameRange     '1.11.1-rc1',
39 silly addNameRange     '2.1.1-rc2',
39 silly addNameRange     '1.11.1-rc2',
39 silly addNameRange     '2.1.1',
39 silly addNameRange     '1.11.1',
39 silly addNameRange     '1.9.1',
39 silly addNameRange     '2.1.2',
39 silly addNameRange     '1.11.2',
39 silly addNameRange     '2.1.3',
39 silly addNameRange     '2.1.4',
39 silly addNameRange     '1.11.3',
39 silly addNameRange     '3.0.0-alpha1',
39 silly addNameRange     '1.12.0',
39 silly addNameRange     '2.2.0',
39 silly addNameRange     '3.0.0-beta1',
39 silly addNameRange     '1.12.1',
39 silly addNameRange     '2.2.1',
39 silly addNameRange     '1.12.2',
39 silly addNameRange     '2.2.2',
39 silly addNameRange     '1.12.3',
39 silly addNameRange     '2.2.3',
39 silly addNameRange     '1.12.4',
39 silly addNameRange     '2.2.4',
39 silly addNameRange     '3.0.0-rc1',
39 silly addNameRange     '3.0.0',
39 silly addNameRange     '3.1.0',
39 silly addNameRange     '3.1.1' ] ]
40 verbose addNamed jquery@3.1.1
41 silly addNamed semver.valid 3.1.1
42 silly addNamed semver.validRange 3.1.1
43 silly mapToRegistry name jquery
44 silly mapToRegistry using default registry
45 silly mapToRegistry registry https://registry.npmjs.org/
46 silly mapToRegistry uri https://registry.npmjs.org/jquery
47 verbose addRemoteTarball https://registry.npmjs.org/jquery/-/jquery-3.1.1.tgz not in flight; adding
48 verbose addRemoteTarball [ 'https://registry.npmjs.org/jquery/-/jquery-3.1.1.tgz',
48 verbose addRemoteTarball   '347c1c21c7e004115e0a4da32cece041fad3c8a3' ]
49 info retry fetch attempt 1 at 3:26:00 PM
50 info attempt registry request try #1 at 3:26:00 PM
51 http fetch GET https://registry.npmjs.org/jquery/-/jquery-3.1.1.tgz
52 info retry will retry, error on last attempt: Error: tunneling socket could not be established, cause=getaddrinfo ENOTFOUND shra
53 info attempt registry request try #2 at 3:26:11 PM
54 http fetch GET https://registry.npmjs.org/jquery/-/jquery-3.1.1.tgz
55 info retry will retry, error on last attempt: Error: tunneling socket could not be established, cause=getaddrinfo ENOTFOUND shra
56 info attempt registry request try #3 at 3:27:12 PM
57 http fetch GET https://registry.npmjs.org/jquery/-/jquery-3.1.1.tgz
58 error fetch failed https://registry.npmjs.org/jquery/-/jquery-3.1.1.tgz
59 warn retry will retry, error on last attempt: Error: tunneling socket could not be established, cause=getaddrinfo ENOTFOUND shra
60 info retry fetch attempt 2 at 3:27:23 PM
61 info attempt registry request try #1 at 3:27:23 PM
62 http fetch GET https://registry.npmjs.org/jquery/-/jquery-3.1.1.tgz
63 info retry will retry, error on last attempt: Error: tunneling socket could not be established, cause=getaddrinfo ENOTFOUND shra
64 info attempt registry request try #2 at 3:27:34 PM
65 http fetch GET https://registry.npmjs.org/jquery/-/jquery-3.1.1.tgz
66 info retry will retry, error on last attempt: Error: tunneling socket could not be established, cause=getaddrinfo ENOTFOUND shra
67 info attempt registry request try #3 at 3:28:34 PM
68 http fetch GET https://registry.npmjs.org/jquery/-/jquery-3.1.1.tgz
69 error fetch failed https://registry.npmjs.org/jquery/-/jquery-3.1.1.tgz
70 warn retry will retry, error on last attempt: Error: tunneling socket could not be established, cause=getaddrinfo ENOTFOUND shra
71 info retry fetch attempt 3 at 3:29:35 PM
72 info attempt registry request try #1 at 3:29:35 PM
73 http fetch GET https://registry.npmjs.org/jquery/-/jquery-3.1.1.tgz
74 info retry will retry, error on last attempt: Error: tunneling socket could not be established, cause=getaddrinfo ENOTFOUND shra
75 info attempt registry request try #2 at 3:29:46 PM
76 http fetch GET https://registry.npmjs.org/jquery/-/jquery-3.1.1.tgz
77 info retry will retry, error on last attempt: Error: tunneling socket could not be established, cause=getaddrinfo ENOTFOUND shra
78 info attempt registry request try #3 at 3:30:47 PM
79 http fetch GET https://registry.npmjs.org/jquery/-/jquery-3.1.1.tgz
80 error fetch failed https://registry.npmjs.org/jquery/-/jquery-3.1.1.tgz
81 verbose stack Error: tunneling socket could not be established, cause=getaddrinfo ENOTFOUND shra
81 verbose stack     at ClientRequest.onError (C:\Program Files (x86)\nodejs\node_modules\npm\node_modules\request\node_modules\tunnel-agent\index.js:168:17)
81 verbose stack     at ClientRequest.g (events.js:199:16)
81 verbose stack     at ClientRequest.emit (events.js:107:17)
81 verbose stack     at Socket.socketErrorListener (_http_client.js:271:9)
81 verbose stack     at Socket.emit (events.js:107:17)
81 verbose stack     at net.js:940:16
81 verbose stack     at process._tickCallback (node.js:355:11)
82 verbose cwd D:\DevProject\Resident Portal on Angular2\App1
83 error Windows_NT 6.3.9600
84 error argv "C:\\Program Files (x86)\\nodejs\\\\node.exe" "C:\\Program Files (x86)\\nodejs\\node_modules\\npm\\bin\\npm-cli.js" "install" "--save" "jquery"
85 error node v0.12.2
86 error npm  v2.7.4
87 error code ECONNRESET
88 error network tunneling socket could not be established, cause=getaddrinfo ENOTFOUND shra
88 error network This is most likely not a problem with npm itself
88 error network and is related to network connectivity.
88 error network In most cases you are behind a proxy or have bad network settings.
88 error network
88 error network If you are behind a proxy, please make sure that the
88 error network 'proxy' config is set properly.  See: 'npm help config'
89 verbose exit [ 1, true ]
